        -:    0:Source:D:/Users/Andi/Documents/GitHub/JpegByDate/test/gnattest/tests/commandlineparsers-commandlineparser_test_data.adb
        -:    0:Programs:186
        -:    1:--  This package is intended to set up and tear down  the test environment.
        -:    2:--  Once created by GNATtest, this package will never be overwritten
        -:    3:--  automatically. Contents of this package can be modified in any way
        -:    4:--  except for sections surrounded by a 'read only' marker.
        -:    5:
        2:    6:package body CommandlineParsers.CommandlineParser_Test_Data is
        -:    7:
        2:    8:   Local_CommandlineParser : aliased GNATtest_Generated.GNATtest_Standard.CommandlineParsers.CommandlineParser;
        8:    9:   procedure Set_Up (Gnattest_T : in out Test_CommandlineParser) is
        -:   10:   begin
        8:   11:      Gnattest_T.Fixture := Local_CommandlineParser'Access;
        8:   12:   end Set_Up;
        -:   13:
        8:   14:   procedure Tear_Down (Gnattest_T : in out Test_CommandlineParser) is
        -:   15:   begin
        8:   16:      null;
        8:   17:   end Tear_Down;
        -:   18:
        2:   19:end CommandlineParsers.CommandlineParser_Test_Data;
