        -:    0:Source:D:/Users/Andi/Documents/GitHub/JpegByDate/test/gnattest/tests/consoleoutputs-consoleoutput_test_data.ads
        -:    0:Programs:186
        -:    1:--  This package is intended to set up and tear down  the test environment.
        -:    2:--  Once created by GNATtest, this package will never be overwritten
        -:    3:--  automatically. Contents of this package can be modified in any way
        -:    4:--  except for sections surrounded by a 'read only' marker.
        -:    5:
        -:    6:
        -:    7:with AUnit.Test_Fixtures;
        -:    8:
        -:    9:with GNATtest_Generated;
        -:   10:
        8:   11:package ConsoleOutputs.ConsoleOutput_Test_Data is
        -:   12:
        6:   13:   type ConsoleOutput_Access is access all GNATtest_Generated.GNATtest_Standard.ConsoleOutputs.ConsoleOutput'Class;
        -:   14:
        -:   15:--  begin read only
        4:   16:   type Test_ConsoleOutput is new AUnit.Test_Fixtures.Test_Fixture
        -:   17:--  end read only
        -:   18:   with record
        -:   19:      Fixture : ConsoleOutput_Access;
        -:   20:   end record;
        -:   21:
        -:   22:   procedure Set_Up (Gnattest_T : in out Test_ConsoleOutput);
        -:   23:   procedure Tear_Down (Gnattest_T : in out Test_ConsoleOutput);
        -:   24:
        2:   25:end ConsoleOutputs.ConsoleOutput_Test_Data;
