        -:    0:Source:D:/Users/Andi/Documents/GitHub/JpegByDate/test/gnattest/tests/csvoutputs-csvoutput_test_data-csvoutput_tests.adb
        -:    0:Programs:186
        -:    1:--  This package has been generated automatically by GNATtest.
        -:    2:--  You are allowed to add your code to the bodies of test routines.
        -:    3:--  Such changes will be kept during further regeneration of this file.
        -:    4:--  All code placed outside of test routine bodies will be lost. The
        -:    5:--  code intended to set up and tear down the test environment should be
        -:    6:--  placed into CSVOutputs.CSVOutput_Test_Data.
        -:    7:
        -:    8:with AUnit.Assertions; use AUnit.Assertions;
        -:    9:with System.Assertions;
        -:   10:
        -:   11:package body CSVOutputs.CSVOutput_Test_Data.CSVOutput_Tests is
        -:   12:
        -:   13:
        -:   14:--  begin read only
        -:   15:   procedure Test_1_create (Gnattest_T : in out Test_CSVOutput);
        2:   16:   procedure Test_create_46cb64 (Gnattest_T : in out Test_CSVOutput) renames Test_1_create;
        -:   17:--  id:2.2/46cb649f113a4795/create/1/0/
        2:   18:   procedure Test_1_create (Gnattest_T : in out Test_CSVOutput) is
        -:   19:   --  csvoutputs.ads:12:4:create
        -:   20:--  end read only
        -:   21:
        -:   22:      pragma Unreferenced (Gnattest_T);
        -:   23:
        -:   24:   begin
        -:   25:
        2:   26:      AUnit.Assertions.Assert
        -:   27:        (Gnattest_Generated.Default_Assert_Value,
        -:   28:         "Test not implemented.");
        -:   29:
        -:   30:--  begin read only
        2:   31:   end Test_1_create;
        -:   32:--  end read only
        -:   33:
        -:   34:
        -:   35:--  begin read only
        -:   36:   procedure Test_2_create (Gnattest_T : in out Test_CSVOutput);
        2:   37:   procedure Test_create_f70831 (Gnattest_T : in out Test_CSVOutput) renames Test_2_create;
        -:   38:--  id:2.2/f70831da55e3f4b2/create/0/0/
        2:   39:   procedure Test_2_create (Gnattest_T : in out Test_CSVOutput) is
        -:   40:   --  csvoutputs.ads:13:4:create
        -:   41:--  end read only
        -:   42:
        -:   43:      pragma Unreferenced (Gnattest_T);
        -:   44:
        -:   45:   begin
        -:   46:
        2:   47:      AUnit.Assertions.Assert
        -:   48:        (Gnattest_Generated.Default_Assert_Value,
        -:   49:         "Test not implemented.");
        -:   50:
        -:   51:--  begin read only
        2:   52:   end Test_2_create;
        -:   53:--  end read only
        -:   54:
        -:   55:
        -:   56:--  begin read only
        -:   57:   procedure Test_destroy (Gnattest_T : in out Test_CSVOutput);
        2:   58:   procedure Test_destroy_19a48c (Gnattest_T : in out Test_CSVOutput) renames Test_destroy;
        -:   59:--  id:2.2/19a48cc108c098e4/destroy/1/0/
        2:   60:   procedure Test_destroy (Gnattest_T : in out Test_CSVOutput) is
        -:   61:   --  csvoutputs.ads:15:4:destroy
        -:   62:--  end read only
        -:   63:
        -:   64:      pragma Unreferenced (Gnattest_T);
        -:   65:
        -:   66:   begin
        -:   67:
        2:   68:      AUnit.Assertions.Assert
        -:   69:        (Gnattest_Generated.Default_Assert_Value,
        -:   70:         "Test not implemented.");
        -:   71:
        -:   72:--  begin read only
        2:   73:   end Test_destroy;
        -:   74:--  end read only
        -:   75:
        -:   76:
        -:   77:--  begin read only
        -:   78:   procedure Test_display (Gnattest_T : in out Test_CSVOutput);
        2:   79:   procedure Test_display_9676c4 (Gnattest_T : in out Test_CSVOutput) renames Test_display;
        -:   80:--  id:2.2/9676c42116add69e/display/1/0/
        2:   81:   procedure Test_display (Gnattest_T : in out Test_CSVOutput) is
        -:   82:   --  csvoutputs.ads:18:4:display
        -:   83:--  end read only
        -:   84:
        -:   85:      pragma Unreferenced (Gnattest_T);
        -:   86:
        -:   87:   begin
        -:   88:
        2:   89:      AUnit.Assertions.Assert
        -:   90:        (Gnattest_Generated.Default_Assert_Value,
        -:   91:         "Test not implemented.");
        -:   92:
        -:   93:--  begin read only
        2:   94:   end Test_display;
        -:   95:--  end read only
        -:   96:
        -:   97:end CSVOutputs.CSVOutput_Test_Data.CSVOutput_Tests;
