        -:    0:Source:D:/Users/Andi/Documents/GitHub/JpegByDate/test/gnattest/tests/csvoutputs-csvoutput_test_data.ads
        -:    0:Programs:186
        -:    1:--  This package is intended to set up and tear down  the test environment.
        -:    2:--  Once created by GNATtest, this package will never be overwritten
        -:    3:--  automatically. Contents of this package can be modified in any way
        -:    4:--  except for sections surrounded by a 'read only' marker.
        -:    5:
        -:    6:with Outputs.Output_Test_Data.Output_Tests;
        -:    7:
        -:    8:with GNATtest_Generated;
        -:    9:
        4:   10:package CSVOutputs.CSVOutput_Test_Data is
        -:   11:
        -:   12:--  begin read only
        4:   13:   type Test_CSVOutput is new
        -:   14:     GNATtest_Generated.GNATtest_Standard.Outputs.Output_Test_Data.Output_Tests.Test_Output
        -:   15:--  end read only
        -:   16:   with null record;
        -:   17:
        -:   18:   procedure Set_Up (Gnattest_T : in out Test_CSVOutput);
        -:   19:   procedure Tear_Down (Gnattest_T : in out Test_CSVOutput);
        -:   20:
        2:   21:end CSVOutputs.CSVOutput_Test_Data;
