        -:    0:Source:D:/Users/Andi/Documents/GitHub/JpegByDate/test/gnattest/tests/exifparsers-exifparser_test_data.adb
        -:    0:Programs:186
        -:    1:--  This package is intended to set up and tear down  the test environment.
        -:    2:--  Once created by GNATtest, this package will never be overwritten
        -:    3:--  automatically. Contents of this package can be modified in any way
        -:    4:--  except for sections surrounded by a 'read only' marker.
        -:    5:
        2:    6:package body EXIFParsers.EXIFParser_Test_Data is
        -:    7:
        2:    8:   Local_EXIFParser : aliased GNATtest_Generated.GNATtest_Standard.EXIFParsers.EXIFParser;
       20:    9:   procedure Set_Up (Gnattest_T : in out Test_EXIFParser) is
        -:   10:   begin
       20:   11:      Gnattest_T.Fixture := Local_EXIFParser'Access;
       20:   12:   end Set_Up;
        -:   13:
       20:   14:   procedure Tear_Down (Gnattest_T : in out Test_EXIFParser) is
        -:   15:   begin
       20:   16:      null;
       20:   17:   end Tear_Down;
        -:   18:
        2:   19:end EXIFParsers.EXIFParser_Test_Data;
