        -:    0:Source:D:/Users/Andi/Documents/GitHub/JpegByDate/test/gnattest/tests/filehandlers-filehandler_test_data-filehandler_tests.adb
        -:    0:Programs:186
        -:    1:--  This package has been generated automatically by GNATtest.
        -:    2:--  You are allowed to add your code to the bodies of test routines.
        -:    3:--  Such changes will be kept during further regeneration of this file.
        -:    4:--  All code placed outside of test routine bodies will be lost. The
        -:    5:--  code intended to set up and tear down the test environment should be
        -:    6:--  placed into FileHandlers.FileHandler_Test_Data.
        -:    7:
        -:    8:with AUnit.Assertions; use AUnit.Assertions;
        -:    9:with System.Assertions;
        -:   10:
        -:   11:package body FileHandlers.FileHandler_Test_Data.FileHandler_Tests is
        -:   12:
        -:   13:
        -:   14:--  begin read only
        -:   15:   procedure Test_create (Gnattest_T : in out Test_FileHandler);
        2:   16:   procedure Test_create_915a1c (Gnattest_T : in out Test_FileHandler) renames Test_create;
        -:   17:--  id:2.2/915a1cf8ab7155ac/create/1/0/
        2:   18:   procedure Test_create (Gnattest_T : in out Test_FileHandler) is
        -:   19:   --  filehandlers.ads:14:4:create
        -:   20:--  end read only
        -:   21:
        -:   22:      pragma Unreferenced (Gnattest_T);
        -:   23:
        -:   24:   begin
        -:   25:
        2:   26:      AUnit.Assertions.Assert
        -:   27:        (Gnattest_Generated.Default_Assert_Value,
        -:   28:         "Test not implemented.");
        -:   29:
        -:   30:--  begin read only
        2:   31:   end Test_create;
        -:   32:--  end read only
        -:   33:
        -:   34:
        -:   35:--  begin read only
        -:   36:   procedure Test_destroy (Gnattest_T : in out Test_FileHandler);
        2:   37:   procedure Test_destroy_f0dd10 (Gnattest_T : in out Test_FileHandler) renames Test_destroy;
        -:   38:--  id:2.2/f0dd1097cadfe669/destroy/1/0/
        2:   39:   procedure Test_destroy (Gnattest_T : in out Test_FileHandler) is
        -:   40:   --  filehandlers.ads:16:4:destroy
        -:   41:--  end read only
        -:   42:
        -:   43:      pragma Unreferenced (Gnattest_T);
        -:   44:
        -:   45:   begin
        -:   46:
        2:   47:      AUnit.Assertions.Assert
        -:   48:        (Gnattest_Generated.Default_Assert_Value,
        -:   49:         "Test not implemented.");
        -:   50:
        -:   51:--  begin read only
        2:   52:   end Test_destroy;
        -:   53:--  end read only
        -:   54:
        -:   55:
        -:   56:--  begin read only
        -:   57:   procedure Test_exec (Gnattest_T : in out Test_FileHandler);
        2:   58:   procedure Test_exec_13d0f2 (Gnattest_T : in out Test_FileHandler) renames Test_exec;
        -:   59:--  id:2.2/13d0f2d37e07df77/exec/1/0/
        2:   60:   procedure Test_exec (Gnattest_T : in out Test_FileHandler) is
        -:   61:   --  filehandlers.ads:19:4:exec
        -:   62:--  end read only
        -:   63:
        -:   64:      pragma Unreferenced (Gnattest_T);
        -:   65:
        -:   66:   begin
        -:   67:
        2:   68:      AUnit.Assertions.Assert
        -:   69:        (Gnattest_Generated.Default_Assert_Value,
        -:   70:         "Test not implemented.");
        -:   71:
        -:   72:--  begin read only
        2:   73:   end Test_exec;
        -:   74:--  end read only
        -:   75:
